_XSERVTransmkdir: Owner of /tmp/.X11-unix should be set to root
Initializing built-in extension Generic Event Extension
Initializing built-in extension SHAPE
Initializing built-in extension MIT-SHM
Initializing built-in extension XInputExtension
Initializing built-in extension XTEST
Initializing built-in extension BIG-REQUESTS
Initializing built-in extension SYNC
Initializing built-in extension XKEYBOARD
Initializing built-in extension XC-MISC
Initializing built-in extension SECURITY
Initializing built-in extension XINERAMA
Initializing built-in extension XFIXES
Initializing built-in extension RENDER
Initializing built-in extension RANDR
Initializing built-in extension COMPOSITE
Initializing built-in extension DAMAGE
Initializing built-in extension MIT-SCREEN-SAVER
Initializing built-in extension DOUBLE-BUFFER
Initializing built-in extension RECORD
Initializing built-in extension DPMS
Initializing built-in extension X-Resource
Initializing built-in extension XVideo
Initializing built-in extension XVideo-MotionCompensation
Initializing built-in extension SELinux
Initializing built-in extension GLX
log4j:WARN No appenders could be found for logger (org.bushe.swing.event.EventService).
log4j:WARN Please initialize the log4j system properly.
log4j:WARN See http://logging.apache.org/log4j/1.2/faq.html#noconfig for more info.
slurmstepd: error: _slurm_cgroup_destroy: problem deleting step cgroup path /cgroup/freezer/slurm/uid_556036/job_32995899/step_batch: Device or resource busy
